<?xml version="1.0" encoding="UTF-8"?>
<!-- Generated by org.testng.reporters.JUnitXMLReporter -->
<testsuite ignored="0" hostname="LAPTOP-MVJK2OM8" failures="4" tests="5" name="Test" time="26.631" errors="0" timestamp="2025-05-05T01:50:38 IST">
  <testcase classname="com.qa.tests.TC_001_LoginPageTest" name="verifyLoginButtonVisibility" time="0.046"/>
  <testcase classname="com.qa.tests.TC_001_LoginPageTest" name="verifyLoginFunctionality" time="3.071">
    <failure type="java.lang.AssertionError" message="Login failed for valid data. expected [AdactIn.com - Search Hotel:Login successfull] but found [Adactin.com - Search Hotel]">
      <![CDATA[java.lang.AssertionError: Login failed for valid data. expected [AdactIn.com - Search Hotel:Login successfull] but found [Adactin.com - Search Hotel]
at com.qa.tests.TC_001_LoginPageTest.verifyLoginFunctionality(TC_001_LoginPageTest.java:64)
at java.base/java.util.ArrayList.forEach(ArrayList.java:1596)
... Removed 30 stack frames]]>
    </failure>
  </testcase> <!-- verifyLoginFunctionality -->
  <testcase classname="com.qa.tests.TC_001_LoginPageTest" name="verifyLoginFunctionality" time="2.826">
    <failure type="java.lang.AssertionError" message="Error message mismatch for invalid credentials. expected [true] but found [false]">
      <![CDATA[java.lang.AssertionError: Error message mismatch for invalid credentials. expected [true] but found [false]
at com.qa.tests.TC_001_LoginPageTest.verifyLoginFunctionality(TC_001_LoginPageTest.java:67)
at java.base/java.util.ArrayList.forEach(ArrayList.java:1596)
... Removed 28 stack frames]]>
    </failure>
  </testcase> <!-- verifyLoginFunctionality -->
  <testcase classname="com.qa.tests.TC_001_LoginPageTest" name="verifyLoginFunctionality" time="2.27">
    <failure type="java.lang.AssertionError" message="Error message for empty password mismatch. expected [true] but found [false]">
      <![CDATA[java.lang.AssertionError: Error message for empty password mismatch. expected [true] but found [false]
at com.qa.tests.TC_001_LoginPageTest.verifyLoginFunctionality(TC_001_LoginPageTest.java:70)
at java.base/java.util.ArrayList.forEach(ArrayList.java:1596)
... Removed 28 stack frames]]>
    </failure>
  </testcase> <!-- verifyLoginFunctionality -->
  <testcase classname="com.qa.tests.TC_001_LoginPageTest" name="verifyLoginFunctionality" time="2.266">
    <failure type="java.lang.AssertionError" message="Error message for empty username mismatch. expected [true] but found [false]">
      <![CDATA[java.lang.AssertionError: Error message for empty username mismatch. expected [true] but found [false]
at com.qa.tests.TC_001_LoginPageTest.verifyLoginFunctionality(TC_001_LoginPageTest.java:73)
at java.base/java.util.ArrayList.forEach(ArrayList.java:1596)
... Removed 28 stack frames]]>
    </failure>
  </testcase> <!-- verifyLoginFunctionality -->
</testsuite> <!-- Test -->
