<?xml version="1.0" encoding="UTF-8"?>
<!-- Generated by org.testng.reporters.JUnitXMLReporter -->
<testsuite ignored="0" hostname="LAPTOP-MVJK2OM8" failures="0" tests="8" name="ChromeTest" time="1.344" errors="0" timestamp="2025-04-30T19:03:04 IST">
  <testcase classname="com.qa.base.ProjectSpecificationMethods" name="@BeforeClass testDetails" time="0.006">
    <failure type="java.lang.NullPointerException" message="Cannot invoke &amp;quot;String.replaceAll(String, String)&amp;quot; because &amp;quot;x&amp;quot; is null">
      <![CDATA[java.lang.NullPointerException: Cannot invoke "String.replaceAll(String, String)" because "x" is null
at com.aventstack.extentreports.ExtentTest.lambda$assignCategory$0(ExtentTest.java:1047)
at java.base/java.util.Spliterators$ArraySpliterator.forEachRemaining(Spliterators.java:1024)
at java.base/java.util.stream.ReferencePipeline$Head.forEach(ReferencePipeline.java:762)
at com.aventstack.extentreports.ExtentTest.assignCategory(ExtentTest.java:1046)
at com.qa.base.ProjectSpecificationMethods.testDetails(ProjectSpecificationMethods.java:35)
at java.base/java.util.ArrayList.forEach(ArrayList.java:1596)
... Removed 23 stack frames]]>
    </failure>
  </testcase> <!-- @BeforeClass testDetails -->
  <testcase classname="com.qa.base.ProjectSpecificationMethods" name="@BeforeMethod launchingAndLoadingURL" time="0.0">
    <skipped/>
  </testcase> <!-- @BeforeMethod launchingAndLoadingURL -->
  <testcase classname="com.qa.base.ProjectSpecificationMethods" name="@AfterMethod browserClose" time="0.0">
    <skipped/>
  </testcase> <!-- @AfterMethod browserClose -->
  <testcase classname="com.qa.base.ProjectSpecificationMethods" name="@BeforeMethod launchingAndLoadingURL" time="0.0">
    <skipped/>
  </testcase> <!-- @BeforeMethod launchingAndLoadingURL -->
  <testcase classname="com.qa.base.ProjectSpecificationMethods" name="@AfterMethod browserClose" time="0.0">
    <skipped/>
  </testcase> <!-- @AfterMethod browserClose -->
  <testcase classname="com.qa.base.ProjectSpecificationMethods" name="@BeforeMethod launchingAndLoadingURL" time="0.0">
    <skipped/>
  </testcase> <!-- @BeforeMethod launchingAndLoadingURL -->
  <testcase classname="com.qa.base.ProjectSpecificationMethods" name="@AfterMethod browserClose" time="0.0">
    <skipped/>
  </testcase> <!-- @AfterMethod browserClose -->
  <testcase classname="com.qa.base.ProjectSpecificationMethods" name="@BeforeMethod launchingAndLoadingURL" time="0.0">
    <skipped/>
  </testcase> <!-- @BeforeMethod launchingAndLoadingURL -->
  <testcase classname="com.qa.base.ProjectSpecificationMethods" name="@AfterMethod browserClose" time="0.0">
    <skipped/>
  </testcase> <!-- @AfterMethod browserClose -->
  <testcase classname="com.qa.base.ProjectSpecificationMethods" name="@BeforeMethod launchingAndLoadingURL" time="0.0">
    <skipped/>
  </testcase> <!-- @BeforeMethod launchingAndLoadingURL -->
  <testcase classname="com.qa.base.ProjectSpecificationMethods" name="@AfterMethod browserClose" time="0.0">
    <skipped/>
  </testcase> <!-- @AfterMethod browserClose -->
  <testcase classname="com.qa.base.ProjectSpecificationMethods" name="@BeforeMethod launchingAndLoadingURL" time="0.0">
    <skipped/>
  </testcase> <!-- @BeforeMethod launchingAndLoadingURL -->
  <testcase classname="com.qa.base.ProjectSpecificationMethods" name="@AfterMethod browserClose" time="0.0">
    <skipped/>
  </testcase> <!-- @AfterMethod browserClose -->
  <testcase classname="com.qa.base.ProjectSpecificationMethods" name="@BeforeMethod launchingAndLoadingURL" time="0.0">
    <skipped/>
  </testcase> <!-- @BeforeMethod launchingAndLoadingURL -->
  <testcase classname="com.qa.base.ProjectSpecificationMethods" name="@AfterMethod browserClose" time="0.0">
    <skipped/>
  </testcase> <!-- @AfterMethod browserClose -->
  <testcase classname="com.qa.base.ProjectSpecificationMethods" name="@BeforeMethod launchingAndLoadingURL" time="0.0">
    <skipped/>
  </testcase> <!-- @BeforeMethod launchingAndLoadingURL -->
  <testcase classname="com.qa.base.ProjectSpecificationMethods" name="@AfterMethod browserClose" time="0.0">
    <skipped/>
  </testcase> <!-- @AfterMethod browserClose -->
  <testcase classname="com.qa.tests.TC_001_SignUpTest" name="signupTest" time="0.001">
    <skipped/>
  </testcase> <!-- signupTest -->
  <testcase classname="com.qa.tests.TC_001_SignUpTest" name="signupTest" time="0.0">
    <skipped/>
  </testcase> <!-- signupTest -->
  <testcase classname="com.qa.tests.TC_001_SignUpTest" name="signupTest" time="0.0">
    <skipped/>
  </testcase> <!-- signupTest -->
  <testcase classname="com.qa.tests.TC_001_SignUpTest" name="signupTest" time="0.0">
    <skipped/>
  </testcase> <!-- signupTest -->
  <testcase classname="com.qa.tests.TC_001_SignUpTest" name="signupTest" time="0.0">
    <skipped/>
  </testcase> <!-- signupTest -->
  <testcase classname="com.qa.tests.TC_001_SignUpTest" name="signupTest" time="0.0">
    <skipped/>
  </testcase> <!-- signupTest -->
  <testcase classname="com.qa.tests.TC_001_SignUpTest" name="signupTest" time="0.0">
    <skipped/>
  </testcase> <!-- signupTest -->
  <testcase classname="com.qa.tests.TC_001_SignUpTest" name="verifySignUpButtonNavigation" time="0.0">
    <skipped/>
  </testcase> <!-- verifySignUpButtonNavigation -->
</testsuite> <!-- ChromeTest -->
