<html>
<head>
<title>TestNG:  ChromeTest</title>
<link href="../testng.css" rel="stylesheet" type="text/css" />
<link href="../my-testng.css" rel="stylesheet" type="text/css" />

<style type="text/css">
.log { display: none;} 
.stack-trace { display: none;} 
</style>
<script type="text/javascript">
<!--
function flip(e) {
  current = e.style.display;
  if (current == 'block') {
    e.style.display = 'none';
    return 0;
  }
  else {
    e.style.display = 'block';
    return 1;
  }
}

function toggleBox(szDivId, elem, msg1, msg2)
{
  var res = -1;  if (document.getElementById) {
    res = flip(document.getElementById(szDivId));
  }
  else if (document.all) {
    // this is the way old msie versions work
    res = flip(document.all[szDivId]);
  }
  if(elem) {
    if(res == 0) elem.innerHTML = msg1; else elem.innerHTML = msg2;
  }

}

function toggleAllBoxes() {
  if (document.getElementsByTagName) {
    d = document.getElementsByTagName('div');
    for (i = 0; i < d.length; i++) {
      if (d[i].className == 'log') {
        flip(d[i]);
      }
    }
  }
}

// -->
</script>

</head>
<body>
<h2 align='center'>ChromeTest</h2><table border='1' align="center">
<tr>
<td>Tests passed/Failed/Skipped:</td><td>0/0/8</td>
</tr><tr>
<td>Started on:</td><td>Wed Apr 30 19:03:02 IST 2025</td>
</tr>
<tr><td>Total time:</td><td>1 seconds (1344 ms)</td>
</tr><tr>
<td>Included groups:</td><td></td>
</tr><tr>
<td>Excluded groups:</td><td></td>
</tr>
</table><p/>
<small><i>(Hover the method name to see the test class name)</i></small><p/>
<table width='100%' border='1' class='invocation-failed'>
<tr><td colspan='4' align='center'><b>FAILED CONFIGURATIONS</b></td></tr>
<tr><td><b>Test method</b></td>
<td><b>Attribute(s)</b></td>
<td width="30%"><b>Exception</b></td>
<td width="10%"><b>Time (seconds)</b></td>
<td><b>Instance</b></td>
</tr>
<tr>
<td title='com.qa.tests.TC_001_SignUpTest.testDetails()'><b>testDetails</b><br>Test class: com.qa.tests.TC_001_SignUpTest</td>
<td><div><pre>java.lang.NullPointerException: Cannot invoke &quot;String.replaceAll(String, String)&quot; because &quot;x&quot; is null
	at com.aventstack.extentreports.ExtentTest.lambda$assignCategory$0(ExtentTest.java:1047)
	at java.base/java.util.Spliterators$ArraySpliterator.forEachRemaining(Spliterators.java:1024)
	at java.base/java.util.stream.ReferencePipeline$Head.forEach(ReferencePipeline.java:762)
	at com.aventstack.extentreports.ExtentTest.assignCategory(ExtentTest.java:1046)
	at com.qa.base.ProjectSpecificationMethods.testDetails(ProjectSpecificationMethods.java:35)
	at java.base/java.util.ArrayList.forEach(ArrayList.java:1596)
... Removed 23 stack frames</pre></div><a href='#' onClick='toggleBox("stack-trace851912430", this, "Click to show all stack frames", "Click to hide stack frames")'>Click to show all stack frames</a>
<div class='stack-trace' id='stack-trace851912430'><pre>java.lang.NullPointerException: Cannot invoke &quot;String.replaceAll(String, String)&quot; because &quot;x&quot; is null
	at com.aventstack.extentreports.ExtentTest.lambda$assignCategory$0(ExtentTest.java:1047)
	at java.base/java.util.Spliterators$ArraySpliterator.forEachRemaining(Spliterators.java:1024)
	at java.base/java.util.stream.ReferencePipeline$Head.forEach(ReferencePipeline.java:762)
	at com.aventstack.extentreports.ExtentTest.assignCategory(ExtentTest.java:1046)
	at com.qa.base.ProjectSpecificationMethods.testDetails(ProjectSpecificationMethods.java:35)
	at java.base/jdk.internal.reflect.DirectMethodHandleAccessor.invoke(DirectMethodHandleAccessor.java:103)
	at java.base/java.lang.reflect.Method.invoke(Method.java:580)
	at org.testng.internal.invokers.MethodInvocationHelper.invokeMethod(MethodInvocationHelper.java:141)
	at org.testng.internal.invokers.MethodInvocationHelper.invokeMethodConsideringTimeout(MethodInvocationHelper.java:71)
	at org.testng.internal.invokers.ConfigInvoker.invokeConfigurationMethod(ConfigInvoker.java:400)
	at org.testng.internal.invokers.ConfigInvoker.invokeConfigurations(ConfigInvoker.java:333)
	at org.testng.internal.invokers.TestMethodWorker.invokeBeforeClassMethods(TestMethodWorker.java:188)
	at org.testng.internal.invokers.TestMethodWorker.run(TestMethodWorker.java:128)
	at java.base/java.util.ArrayList.forEach(ArrayList.java:1596)
	at org.testng.TestRunner.privateRun(TestRunner.java:741)
	at org.testng.TestRunner.run(TestRunner.java:616)
	at org.testng.SuiteRunner.runTest(SuiteRunner.java:421)
	at org.testng.SuiteRunner.runSequentially(SuiteRunner.java:413)
	at org.testng.SuiteRunner.privateRun(SuiteRunner.java:373)
	at org.testng.SuiteRunner.run(SuiteRunner.java:312)
	at org.testng.SuiteRunnerWorker.runSuite(SuiteRunnerWorker.java:52)
	at org.testng.SuiteRunnerWorker.run(SuiteRunnerWorker.java:95)
	at org.testng.TestNG.runSuitesSequentially(TestNG.java:1274)
	at org.testng.TestNG.runSuitesLocally(TestNG.java:1208)
	at org.testng.TestNG.runSuites(TestNG.java:1112)
	at org.testng.TestNG.run(TestNG.java:1079)
	at org.testng.remote.AbstractRemoteTestNG.run(AbstractRemoteTestNG.java:115)
	at org.testng.remote.RemoteTestNG.initAndRun(RemoteTestNG.java:293)
	at org.testng.remote.RemoteTestNG.main(RemoteTestNG.java:91)
</pre></div></td>
<td>0</td>
<td>com.qa.tests.TC_001_SignUpTest@429bffaa</td></tr>
</table><p>
<table width='100%' border='1' class='invocation-skipped'>
<tr><td colspan='4' align='center'><b>SKIPPED CONFIGURATIONS</b></td></tr>
<tr><td><b>Test method</b></td>
<td><b>Attribute(s)</b></td>
<td width="30%"><b>Exception</b></td>
<td width="10%"><b>Time (seconds)</b></td>
<td><b>Instance</b></td>
</tr>
<tr>
<td title='com.qa.tests.TC_001_SignUpTest.launchingAndLoadingURL()'><b>launchingAndLoadingURL</b><br>Test class: com.qa.tests.TC_001_SignUpTest</td>
<td></td>
<td>0</td>
<td>com.qa.tests.TC_001_SignUpTest@429bffaa</td></tr>
<tr>
<td title='com.qa.tests.TC_001_SignUpTest.browserClose()'><b>browserClose</b><br>Test class: com.qa.tests.TC_001_SignUpTest</td>
<td></td>
<td>0</td>
<td>com.qa.tests.TC_001_SignUpTest@429bffaa</td></tr>
<tr>
<td title='com.qa.tests.TC_001_SignUpTest.launchingAndLoadingURL()'><b>launchingAndLoadingURL</b><br>Test class: com.qa.tests.TC_001_SignUpTest</td>
<td></td>
<td>0</td>
<td>com.qa.tests.TC_001_SignUpTest@429bffaa</td></tr>
<tr>
<td title='com.qa.tests.TC_001_SignUpTest.browserClose()'><b>browserClose</b><br>Test class: com.qa.tests.TC_001_SignUpTest</td>
<td></td>
<td>0</td>
<td>com.qa.tests.TC_001_SignUpTest@429bffaa</td></tr>
<tr>
<td title='com.qa.tests.TC_001_SignUpTest.browserClose()'><b>browserClose</b><br>Test class: com.qa.tests.TC_001_SignUpTest</td>
<td></td>
<td>0</td>
<td>com.qa.tests.TC_001_SignUpTest@429bffaa</td></tr>
<tr>
<td title='com.qa.tests.TC_001_SignUpTest.browserClose()'><b>browserClose</b><br>Test class: com.qa.tests.TC_001_SignUpTest</td>
<td></td>
<td>0</td>
<td>com.qa.tests.TC_001_SignUpTest@429bffaa</td></tr>
<tr>
<td title='com.qa.tests.TC_001_SignUpTest.launchingAndLoadingURL()'><b>launchingAndLoadingURL</b><br>Test class: com.qa.tests.TC_001_SignUpTest</td>
<td></td>
<td>0</td>
<td>com.qa.tests.TC_001_SignUpTest@429bffaa</td></tr>
<tr>
<td title='com.qa.tests.TC_001_SignUpTest.launchingAndLoadingURL()'><b>launchingAndLoadingURL</b><br>Test class: com.qa.tests.TC_001_SignUpTest</td>
<td></td>
<td>0</td>
<td>com.qa.tests.TC_001_SignUpTest@429bffaa</td></tr>
<tr>
<td title='com.qa.tests.TC_001_SignUpTest.browserClose()'><b>browserClose</b><br>Test class: com.qa.tests.TC_001_SignUpTest</td>
<td></td>
<td>0</td>
<td>com.qa.tests.TC_001_SignUpTest@429bffaa</td></tr>
<tr>
<td title='com.qa.tests.TC_001_SignUpTest.browserClose()'><b>browserClose</b><br>Test class: com.qa.tests.TC_001_SignUpTest</td>
<td></td>
<td>0</td>
<td>com.qa.tests.TC_001_SignUpTest@429bffaa</td></tr>
<tr>
<td title='com.qa.tests.TC_001_SignUpTest.launchingAndLoadingURL()'><b>launchingAndLoadingURL</b><br>Test class: com.qa.tests.TC_001_SignUpTest</td>
<td></td>
<td>0</td>
<td>com.qa.tests.TC_001_SignUpTest@429bffaa</td></tr>
<tr>
<td title='com.qa.tests.TC_001_SignUpTest.browserClose()'><b>browserClose</b><br>Test class: com.qa.tests.TC_001_SignUpTest</td>
<td></td>
<td>0</td>
<td>com.qa.tests.TC_001_SignUpTest@429bffaa</td></tr>
<tr>
<td title='com.qa.tests.TC_001_SignUpTest.browserClose()'><b>browserClose</b><br>Test class: com.qa.tests.TC_001_SignUpTest</td>
<td></td>
<td>0</td>
<td>com.qa.tests.TC_001_SignUpTest@429bffaa</td></tr>
<tr>
<td title='com.qa.tests.TC_001_SignUpTest.launchingAndLoadingURL()'><b>launchingAndLoadingURL</b><br>Test class: com.qa.tests.TC_001_SignUpTest</td>
<td></td>
<td>0</td>
<td>com.qa.tests.TC_001_SignUpTest@429bffaa</td></tr>
<tr>
<td title='com.qa.tests.TC_001_SignUpTest.launchingAndLoadingURL()'><b>launchingAndLoadingURL</b><br>Test class: com.qa.tests.TC_001_SignUpTest</td>
<td></td>
<td>0</td>
<td>com.qa.tests.TC_001_SignUpTest@429bffaa</td></tr>
<tr>
<td title='com.qa.tests.TC_001_SignUpTest.launchingAndLoadingURL()'><b>launchingAndLoadingURL</b><br>Test class: com.qa.tests.TC_001_SignUpTest</td>
<td></td>
<td>0</td>
<td>com.qa.tests.TC_001_SignUpTest@429bffaa</td></tr>
</table><p>
<table width='100%' border='1' class='invocation-skipped'>
<tr><td colspan='4' align='center'><b>SKIPPED TESTS</b></td></tr>
<tr><td><b>Test method</b></td>
<td><b>Attribute(s)</b></td>
<td width="30%"><b>Exception</b></td>
<td width="10%"><b>Time (seconds)</b></td>
<td><b>Instance</b></td>
</tr>
<tr>
<td title='com.qa.tests.TC_001_SignUpTest.signupTest()'><b>signupTest</b><br>Test class: com.qa.tests.TC_001_SignUpTest<br>Parameters: Somu, , kkgmailcom, 9898980, EmptyLastnameField, UservalidationfailedlastNamePathlastNameisrequired</td>
<td><div><pre>java.lang.NullPointerException: Cannot invoke &quot;String.replaceAll(String, String)&quot; because &quot;x&quot; is null
	at com.aventstack.extentreports.ExtentTest.lambda$assignCategory$0(ExtentTest.java:1047)
	at java.base/java.util.Spliterators$ArraySpliterator.forEachRemaining(Spliterators.java:1024)
	at java.base/java.util.stream.ReferencePipeline$Head.forEach(ReferencePipeline.java:762)
	at com.aventstack.extentreports.ExtentTest.assignCategory(ExtentTest.java:1046)
	at com.qa.base.ProjectSpecificationMethods.testDetails(ProjectSpecificationMethods.java:35)
	at java.base/java.util.ArrayList.forEach(ArrayList.java:1596)
... Removed 23 stack frames</pre></div><a href='#' onClick='toggleBox("stack-trace1664757401", this, "Click to show all stack frames", "Click to hide stack frames")'>Click to show all stack frames</a>
<div class='stack-trace' id='stack-trace1664757401'><pre>java.lang.NullPointerException: Cannot invoke &quot;String.replaceAll(String, String)&quot; because &quot;x&quot; is null
	at com.aventstack.extentreports.ExtentTest.lambda$assignCategory$0(ExtentTest.java:1047)
	at java.base/java.util.Spliterators$ArraySpliterator.forEachRemaining(Spliterators.java:1024)
	at java.base/java.util.stream.ReferencePipeline$Head.forEach(ReferencePipeline.java:762)
	at com.aventstack.extentreports.ExtentTest.assignCategory(ExtentTest.java:1046)
	at com.qa.base.ProjectSpecificationMethods.testDetails(ProjectSpecificationMethods.java:35)
	at java.base/jdk.internal.reflect.DirectMethodHandleAccessor.invoke(DirectMethodHandleAccessor.java:103)
	at java.base/java.lang.reflect.Method.invoke(Method.java:580)
	at org.testng.internal.invokers.MethodInvocationHelper.invokeMethod(MethodInvocationHelper.java:141)
	at org.testng.internal.invokers.MethodInvocationHelper.invokeMethodConsideringTimeout(MethodInvocationHelper.java:71)
	at org.testng.internal.invokers.ConfigInvoker.invokeConfigurationMethod(ConfigInvoker.java:400)
	at org.testng.internal.invokers.ConfigInvoker.invokeConfigurations(ConfigInvoker.java:333)
	at org.testng.internal.invokers.TestMethodWorker.invokeBeforeClassMethods(TestMethodWorker.java:188)
	at org.testng.internal.invokers.TestMethodWorker.run(TestMethodWorker.java:128)
	at java.base/java.util.ArrayList.forEach(ArrayList.java:1596)
	at org.testng.TestRunner.privateRun(TestRunner.java:741)
	at org.testng.TestRunner.run(TestRunner.java:616)
	at org.testng.SuiteRunner.runTest(SuiteRunner.java:421)
	at org.testng.SuiteRunner.runSequentially(SuiteRunner.java:413)
	at org.testng.SuiteRunner.privateRun(SuiteRunner.java:373)
	at org.testng.SuiteRunner.run(SuiteRunner.java:312)
	at org.testng.SuiteRunnerWorker.runSuite(SuiteRunnerWorker.java:52)
	at org.testng.SuiteRunnerWorker.run(SuiteRunnerWorker.java:95)
	at org.testng.TestNG.runSuitesSequentially(TestNG.java:1274)
	at org.testng.TestNG.runSuitesLocally(TestNG.java:1208)
	at org.testng.TestNG.runSuites(TestNG.java:1112)
	at org.testng.TestNG.run(TestNG.java:1079)
	at org.testng.remote.AbstractRemoteTestNG.run(AbstractRemoteTestNG.java:115)
	at org.testng.remote.RemoteTestNG.initAndRun(RemoteTestNG.java:293)
	at org.testng.remote.RemoteTestNG.main(RemoteTestNG.java:91)
</pre></div></td>
<td>0</td>
<td>com.qa.tests.TC_001_SignUpTest@429bffaa</td></tr>
<tr>
<td title='com.qa.tests.TC_001_SignUpTest.signupTest()'><b>signupTest</b><br>Test class: com.qa.tests.TC_001_SignUpTest<br>Parameters: Arunima, m, arunimagmailcom, Google12345, ValidaData, LogoutSignUpscuccessfullTestPassed</td>
<td><div><pre>java.lang.NullPointerException: Cannot invoke &quot;String.replaceAll(String, String)&quot; because &quot;x&quot; is null
	at com.aventstack.extentreports.ExtentTest.lambda$assignCategory$0(ExtentTest.java:1047)
	at java.base/java.util.Spliterators$ArraySpliterator.forEachRemaining(Spliterators.java:1024)
	at java.base/java.util.stream.ReferencePipeline$Head.forEach(ReferencePipeline.java:762)
	at com.aventstack.extentreports.ExtentTest.assignCategory(ExtentTest.java:1046)
	at com.qa.base.ProjectSpecificationMethods.testDetails(ProjectSpecificationMethods.java:35)
	at java.base/java.util.ArrayList.forEach(ArrayList.java:1596)
... Removed 23 stack frames</pre></div><a href='#' onClick='toggleBox("stack-trace2081595126", this, "Click to show all stack frames", "Click to hide stack frames")'>Click to show all stack frames</a>
<div class='stack-trace' id='stack-trace2081595126'><pre>java.lang.NullPointerException: Cannot invoke &quot;String.replaceAll(String, String)&quot; because &quot;x&quot; is null
	at com.aventstack.extentreports.ExtentTest.lambda$assignCategory$0(ExtentTest.java:1047)
	at java.base/java.util.Spliterators$ArraySpliterator.forEachRemaining(Spliterators.java:1024)
	at java.base/java.util.stream.ReferencePipeline$Head.forEach(ReferencePipeline.java:762)
	at com.aventstack.extentreports.ExtentTest.assignCategory(ExtentTest.java:1046)
	at com.qa.base.ProjectSpecificationMethods.testDetails(ProjectSpecificationMethods.java:35)
	at java.base/jdk.internal.reflect.DirectMethodHandleAccessor.invoke(DirectMethodHandleAccessor.java:103)
	at java.base/java.lang.reflect.Method.invoke(Method.java:580)
	at org.testng.internal.invokers.MethodInvocationHelper.invokeMethod(MethodInvocationHelper.java:141)
	at org.testng.internal.invokers.MethodInvocationHelper.invokeMethodConsideringTimeout(MethodInvocationHelper.java:71)
	at org.testng.internal.invokers.ConfigInvoker.invokeConfigurationMethod(ConfigInvoker.java:400)
	at org.testng.internal.invokers.ConfigInvoker.invokeConfigurations(ConfigInvoker.java:333)
	at org.testng.internal.invokers.TestMethodWorker.invokeBeforeClassMethods(TestMethodWorker.java:188)
	at org.testng.internal.invokers.TestMethodWorker.run(TestMethodWorker.java:128)
	at java.base/java.util.ArrayList.forEach(ArrayList.java:1596)
	at org.testng.TestRunner.privateRun(TestRunner.java:741)
	at org.testng.TestRunner.run(TestRunner.java:616)
	at org.testng.SuiteRunner.runTest(SuiteRunner.java:421)
	at org.testng.SuiteRunner.runSequentially(SuiteRunner.java:413)
	at org.testng.SuiteRunner.privateRun(SuiteRunner.java:373)
	at org.testng.SuiteRunner.run(SuiteRunner.java:312)
	at org.testng.SuiteRunnerWorker.runSuite(SuiteRunnerWorker.java:52)
	at org.testng.SuiteRunnerWorker.run(SuiteRunnerWorker.java:95)
	at org.testng.TestNG.runSuitesSequentially(TestNG.java:1274)
	at org.testng.TestNG.runSuitesLocally(TestNG.java:1208)
	at org.testng.TestNG.runSuites(TestNG.java:1112)
	at org.testng.TestNG.run(TestNG.java:1079)
	at org.testng.remote.AbstractRemoteTestNG.run(AbstractRemoteTestNG.java:115)
	at org.testng.remote.RemoteTestNG.initAndRun(RemoteTestNG.java:293)
	at org.testng.remote.RemoteTestNG.main(RemoteTestNG.java:91)
</pre></div></td>
<td>0</td>
<td>com.qa.tests.TC_001_SignUpTest@429bffaa</td></tr>
<tr>
<td title='com.qa.tests.TC_001_SignUpTest.signupTest()'><b>signupTest</b><br>Test class: com.qa.tests.TC_001_SignUpTest<br>Parameters: , kk, kkgmailcom, 12345678, EmptyFirstnameFiled, UservalidationfailedfirstNamePathfirstNameisrequired</td>
<td><div><pre>java.lang.NullPointerException: Cannot invoke &quot;String.replaceAll(String, String)&quot; because &quot;x&quot; is null
	at com.aventstack.extentreports.ExtentTest.lambda$assignCategory$0(ExtentTest.java:1047)
	at java.base/java.util.Spliterators$ArraySpliterator.forEachRemaining(Spliterators.java:1024)
	at java.base/java.util.stream.ReferencePipeline$Head.forEach(ReferencePipeline.java:762)
	at com.aventstack.extentreports.ExtentTest.assignCategory(ExtentTest.java:1046)
	at com.qa.base.ProjectSpecificationMethods.testDetails(ProjectSpecificationMethods.java:35)
	at java.base/java.util.ArrayList.forEach(ArrayList.java:1596)
... Removed 23 stack frames</pre></div><a href='#' onClick='toggleBox("stack-trace2102724832", this, "Click to show all stack frames", "Click to hide stack frames")'>Click to show all stack frames</a>
<div class='stack-trace' id='stack-trace2102724832'><pre>java.lang.NullPointerException: Cannot invoke &quot;String.replaceAll(String, String)&quot; because &quot;x&quot; is null
	at com.aventstack.extentreports.ExtentTest.lambda$assignCategory$0(ExtentTest.java:1047)
	at java.base/java.util.Spliterators$ArraySpliterator.forEachRemaining(Spliterators.java:1024)
	at java.base/java.util.stream.ReferencePipeline$Head.forEach(ReferencePipeline.java:762)
	at com.aventstack.extentreports.ExtentTest.assignCategory(ExtentTest.java:1046)
	at com.qa.base.ProjectSpecificationMethods.testDetails(ProjectSpecificationMethods.java:35)
	at java.base/jdk.internal.reflect.DirectMethodHandleAccessor.invoke(DirectMethodHandleAccessor.java:103)
	at java.base/java.lang.reflect.Method.invoke(Method.java:580)
	at org.testng.internal.invokers.MethodInvocationHelper.invokeMethod(MethodInvocationHelper.java:141)
	at org.testng.internal.invokers.MethodInvocationHelper.invokeMethodConsideringTimeout(MethodInvocationHelper.java:71)
	at org.testng.internal.invokers.ConfigInvoker.invokeConfigurationMethod(ConfigInvoker.java:400)
	at org.testng.internal.invokers.ConfigInvoker.invokeConfigurations(ConfigInvoker.java:333)
	at org.testng.internal.invokers.TestMethodWorker.invokeBeforeClassMethods(TestMethodWorker.java:188)
	at org.testng.internal.invokers.TestMethodWorker.run(TestMethodWorker.java:128)
	at java.base/java.util.ArrayList.forEach(ArrayList.java:1596)
	at org.testng.TestRunner.privateRun(TestRunner.java:741)
	at org.testng.TestRunner.run(TestRunner.java:616)
	at org.testng.SuiteRunner.runTest(SuiteRunner.java:421)
	at org.testng.SuiteRunner.runSequentially(SuiteRunner.java:413)
	at org.testng.SuiteRunner.privateRun(SuiteRunner.java:373)
	at org.testng.SuiteRunner.run(SuiteRunner.java:312)
	at org.testng.SuiteRunnerWorker.runSuite(SuiteRunnerWorker.java:52)
	at org.testng.SuiteRunnerWorker.run(SuiteRunnerWorker.java:95)
	at org.testng.TestNG.runSuitesSequentially(TestNG.java:1274)
	at org.testng.TestNG.runSuitesLocally(TestNG.java:1208)
	at org.testng.TestNG.runSuites(TestNG.java:1112)
	at org.testng.TestNG.run(TestNG.java:1079)
	at org.testng.remote.AbstractRemoteTestNG.run(AbstractRemoteTestNG.java:115)
	at org.testng.remote.RemoteTestNG.initAndRun(RemoteTestNG.java:293)
	at org.testng.remote.RemoteTestNG.main(RemoteTestNG.java:91)
</pre></div></td>
<td>0</td>
<td>com.qa.tests.TC_001_SignUpTest@429bffaa</td></tr>
<tr>
<td title='com.qa.tests.TC_001_SignUpTest.signupTest()'><b>signupTest</b><br>Test class: com.qa.tests.TC_001_SignUpTest<br>Parameters: Ram, Kumar, ramkumargmailcom, Google12, InvalidEmailFormat, UservalidationfailedemailEmailisinvalid</td>
<td><div><pre>java.lang.NullPointerException: Cannot invoke &quot;String.replaceAll(String, String)&quot; because &quot;x&quot; is null
	at com.aventstack.extentreports.ExtentTest.lambda$assignCategory$0(ExtentTest.java:1047)
	at java.base/java.util.Spliterators$ArraySpliterator.forEachRemaining(Spliterators.java:1024)
	at java.base/java.util.stream.ReferencePipeline$Head.forEach(ReferencePipeline.java:762)
	at com.aventstack.extentreports.ExtentTest.assignCategory(ExtentTest.java:1046)
	at com.qa.base.ProjectSpecificationMethods.testDetails(ProjectSpecificationMethods.java:35)
	at java.base/java.util.ArrayList.forEach(ArrayList.java:1596)
... Removed 23 stack frames</pre></div><a href='#' onClick='toggleBox("stack-trace1880869198", this, "Click to show all stack frames", "Click to hide stack frames")'>Click to show all stack frames</a>
<div class='stack-trace' id='stack-trace1880869198'><pre>java.lang.NullPointerException: Cannot invoke &quot;String.replaceAll(String, String)&quot; because &quot;x&quot; is null
	at com.aventstack.extentreports.ExtentTest.lambda$assignCategory$0(ExtentTest.java:1047)
	at java.base/java.util.Spliterators$ArraySpliterator.forEachRemaining(Spliterators.java:1024)
	at java.base/java.util.stream.ReferencePipeline$Head.forEach(ReferencePipeline.java:762)
	at com.aventstack.extentreports.ExtentTest.assignCategory(ExtentTest.java:1046)
	at com.qa.base.ProjectSpecificationMethods.testDetails(ProjectSpecificationMethods.java:35)
	at java.base/jdk.internal.reflect.DirectMethodHandleAccessor.invoke(DirectMethodHandleAccessor.java:103)
	at java.base/java.lang.reflect.Method.invoke(Method.java:580)
	at org.testng.internal.invokers.MethodInvocationHelper.invokeMethod(MethodInvocationHelper.java:141)
	at org.testng.internal.invokers.MethodInvocationHelper.invokeMethodConsideringTimeout(MethodInvocationHelper.java:71)
	at org.testng.internal.invokers.ConfigInvoker.invokeConfigurationMethod(ConfigInvoker.java:400)
	at org.testng.internal.invokers.ConfigInvoker.invokeConfigurations(ConfigInvoker.java:333)
	at org.testng.internal.invokers.TestMethodWorker.invokeBeforeClassMethods(TestMethodWorker.java:188)
	at org.testng.internal.invokers.TestMethodWorker.run(TestMethodWorker.java:128)
	at java.base/java.util.ArrayList.forEach(ArrayList.java:1596)
	at org.testng.TestRunner.privateRun(TestRunner.java:741)
	at org.testng.TestRunner.run(TestRunner.java:616)
	at org.testng.SuiteRunner.runTest(SuiteRunner.java:421)
	at org.testng.SuiteRunner.runSequentially(SuiteRunner.java:413)
	at org.testng.SuiteRunner.privateRun(SuiteRunner.java:373)
	at org.testng.SuiteRunner.run(SuiteRunner.java:312)
	at org.testng.SuiteRunnerWorker.runSuite(SuiteRunnerWorker.java:52)
	at org.testng.SuiteRunnerWorker.run(SuiteRunnerWorker.java:95)
	at org.testng.TestNG.runSuitesSequentially(TestNG.java:1274)
	at org.testng.TestNG.runSuitesLocally(TestNG.java:1208)
	at org.testng.TestNG.runSuites(TestNG.java:1112)
	at org.testng.TestNG.run(TestNG.java:1079)
	at org.testng.remote.AbstractRemoteTestNG.run(AbstractRemoteTestNG.java:115)
	at org.testng.remote.RemoteTestNG.initAndRun(RemoteTestNG.java:293)
	at org.testng.remote.RemoteTestNG.main(RemoteTestNG.java:91)
</pre></div></td>
<td>0</td>
<td>com.qa.tests.TC_001_SignUpTest@429bffaa</td></tr>
<tr>
<td title='com.qa.tests.TC_001_SignUpTest.signupTest()'><b>signupTest</b><br>Test class: com.qa.tests.TC_001_SignUpTest<br>Parameters: Amrutha, Pm, amruthanambiarmykeelgmailcom, , InvalidDataAlreadyLogneduser, Emailaddressisalreadyinuse</td>
<td><div><pre>java.lang.NullPointerException: Cannot invoke &quot;String.replaceAll(String, String)&quot; because &quot;x&quot; is null
	at com.aventstack.extentreports.ExtentTest.lambda$assignCategory$0(ExtentTest.java:1047)
	at java.base/java.util.Spliterators$ArraySpliterator.forEachRemaining(Spliterators.java:1024)
	at java.base/java.util.stream.ReferencePipeline$Head.forEach(ReferencePipeline.java:762)
	at com.aventstack.extentreports.ExtentTest.assignCategory(ExtentTest.java:1046)
	at com.qa.base.ProjectSpecificationMethods.testDetails(ProjectSpecificationMethods.java:35)
	at java.base/java.util.ArrayList.forEach(ArrayList.java:1596)
... Removed 23 stack frames</pre></div><a href='#' onClick='toggleBox("stack-trace1642577711", this, "Click to show all stack frames", "Click to hide stack frames")'>Click to show all stack frames</a>
<div class='stack-trace' id='stack-trace1642577711'><pre>java.lang.NullPointerException: Cannot invoke &quot;String.replaceAll(String, String)&quot; because &quot;x&quot; is null
	at com.aventstack.extentreports.ExtentTest.lambda$assignCategory$0(ExtentTest.java:1047)
	at java.base/java.util.Spliterators$ArraySpliterator.forEachRemaining(Spliterators.java:1024)
	at java.base/java.util.stream.ReferencePipeline$Head.forEach(ReferencePipeline.java:762)
	at com.aventstack.extentreports.ExtentTest.assignCategory(ExtentTest.java:1046)
	at com.qa.base.ProjectSpecificationMethods.testDetails(ProjectSpecificationMethods.java:35)
	at java.base/jdk.internal.reflect.DirectMethodHandleAccessor.invoke(DirectMethodHandleAccessor.java:103)
	at java.base/java.lang.reflect.Method.invoke(Method.java:580)
	at org.testng.internal.invokers.MethodInvocationHelper.invokeMethod(MethodInvocationHelper.java:141)
	at org.testng.internal.invokers.MethodInvocationHelper.invokeMethodConsideringTimeout(MethodInvocationHelper.java:71)
	at org.testng.internal.invokers.ConfigInvoker.invokeConfigurationMethod(ConfigInvoker.java:400)
	at org.testng.internal.invokers.ConfigInvoker.invokeConfigurations(ConfigInvoker.java:333)
	at org.testng.internal.invokers.TestMethodWorker.invokeBeforeClassMethods(TestMethodWorker.java:188)
	at org.testng.internal.invokers.TestMethodWorker.run(TestMethodWorker.java:128)
	at java.base/java.util.ArrayList.forEach(ArrayList.java:1596)
	at org.testng.TestRunner.privateRun(TestRunner.java:741)
	at org.testng.TestRunner.run(TestRunner.java:616)
	at org.testng.SuiteRunner.runTest(SuiteRunner.java:421)
	at org.testng.SuiteRunner.runSequentially(SuiteRunner.java:413)
	at org.testng.SuiteRunner.privateRun(SuiteRunner.java:373)
	at org.testng.SuiteRunner.run(SuiteRunner.java:312)
	at org.testng.SuiteRunnerWorker.runSuite(SuiteRunnerWorker.java:52)
	at org.testng.SuiteRunnerWorker.run(SuiteRunnerWorker.java:95)
	at org.testng.TestNG.runSuitesSequentially(TestNG.java:1274)
	at org.testng.TestNG.runSuitesLocally(TestNG.java:1208)
	at org.testng.TestNG.runSuites(TestNG.java:1112)
	at org.testng.TestNG.run(TestNG.java:1079)
	at org.testng.remote.AbstractRemoteTestNG.run(AbstractRemoteTestNG.java:115)
	at org.testng.remote.RemoteTestNG.initAndRun(RemoteTestNG.java:293)
	at org.testng.remote.RemoteTestNG.main(RemoteTestNG.java:91)
</pre></div></td>
<td>0</td>
<td>com.qa.tests.TC_001_SignUpTest@429bffaa</td></tr>
<tr>
<td title='com.qa.tests.TC_001_SignUpTest.verifySignUpButtonNavigation()'><b>verifySignUpButtonNavigation</b><br>Test class: com.qa.tests.TC_001_SignUpTest</td>
<td><div><pre>java.lang.NullPointerException: Cannot invoke &quot;String.replaceAll(String, String)&quot; because &quot;x&quot; is null
	at com.aventstack.extentreports.ExtentTest.lambda$assignCategory$0(ExtentTest.java:1047)
	at java.base/java.util.Spliterators$ArraySpliterator.forEachRemaining(Spliterators.java:1024)
	at java.base/java.util.stream.ReferencePipeline$Head.forEach(ReferencePipeline.java:762)
	at com.aventstack.extentreports.ExtentTest.assignCategory(ExtentTest.java:1046)
	at com.qa.base.ProjectSpecificationMethods.testDetails(ProjectSpecificationMethods.java:35)
	at java.base/java.util.ArrayList.forEach(ArrayList.java:1596)
... Removed 23 stack frames</pre></div><a href='#' onClick='toggleBox("stack-trace1494794848", this, "Click to show all stack frames", "Click to hide stack frames")'>Click to show all stack frames</a>
<div class='stack-trace' id='stack-trace1494794848'><pre>java.lang.NullPointerException: Cannot invoke &quot;String.replaceAll(String, String)&quot; because &quot;x&quot; is null
	at com.aventstack.extentreports.ExtentTest.lambda$assignCategory$0(ExtentTest.java:1047)
	at java.base/java.util.Spliterators$ArraySpliterator.forEachRemaining(Spliterators.java:1024)
	at java.base/java.util.stream.ReferencePipeline$Head.forEach(ReferencePipeline.java:762)
	at com.aventstack.extentreports.ExtentTest.assignCategory(ExtentTest.java:1046)
	at com.qa.base.ProjectSpecificationMethods.testDetails(ProjectSpecificationMethods.java:35)
	at java.base/jdk.internal.reflect.DirectMethodHandleAccessor.invoke(DirectMethodHandleAccessor.java:103)
	at java.base/java.lang.reflect.Method.invoke(Method.java:580)
	at org.testng.internal.invokers.MethodInvocationHelper.invokeMethod(MethodInvocationHelper.java:141)
	at org.testng.internal.invokers.MethodInvocationHelper.invokeMethodConsideringTimeout(MethodInvocationHelper.java:71)
	at org.testng.internal.invokers.ConfigInvoker.invokeConfigurationMethod(ConfigInvoker.java:400)
	at org.testng.internal.invokers.ConfigInvoker.invokeConfigurations(ConfigInvoker.java:333)
	at org.testng.internal.invokers.TestMethodWorker.invokeBeforeClassMethods(TestMethodWorker.java:188)
	at org.testng.internal.invokers.TestMethodWorker.run(TestMethodWorker.java:128)
	at java.base/java.util.ArrayList.forEach(ArrayList.java:1596)
	at org.testng.TestRunner.privateRun(TestRunner.java:741)
	at org.testng.TestRunner.run(TestRunner.java:616)
	at org.testng.SuiteRunner.runTest(SuiteRunner.java:421)
	at org.testng.SuiteRunner.runSequentially(SuiteRunner.java:413)
	at org.testng.SuiteRunner.privateRun(SuiteRunner.java:373)
	at org.testng.SuiteRunner.run(SuiteRunner.java:312)
	at org.testng.SuiteRunnerWorker.runSuite(SuiteRunnerWorker.java:52)
	at org.testng.SuiteRunnerWorker.run(SuiteRunnerWorker.java:95)
	at org.testng.TestNG.runSuitesSequentially(TestNG.java:1274)
	at org.testng.TestNG.runSuitesLocally(TestNG.java:1208)
	at org.testng.TestNG.runSuites(TestNG.java:1112)
	at org.testng.TestNG.run(TestNG.java:1079)
	at org.testng.remote.AbstractRemoteTestNG.run(AbstractRemoteTestNG.java:115)
	at org.testng.remote.RemoteTestNG.initAndRun(RemoteTestNG.java:293)
	at org.testng.remote.RemoteTestNG.main(RemoteTestNG.java:91)
</pre></div></td>
<td>0</td>
<td>com.qa.tests.TC_001_SignUpTest@429bffaa</td></tr>
<tr>
<td title='com.qa.tests.TC_001_SignUpTest.signupTest()'><b>signupTest</b><br>Test class: com.qa.tests.TC_001_SignUpTest<br>Parameters: somu, kk, , 43434356, EmptyemailField, UservalidationfailedemailEmailisinvalid</td>
<td><div><pre>java.lang.NullPointerException: Cannot invoke &quot;String.replaceAll(String, String)&quot; because &quot;x&quot; is null
	at com.aventstack.extentreports.ExtentTest.lambda$assignCategory$0(ExtentTest.java:1047)
	at java.base/java.util.Spliterators$ArraySpliterator.forEachRemaining(Spliterators.java:1024)
	at java.base/java.util.stream.ReferencePipeline$Head.forEach(ReferencePipeline.java:762)
	at com.aventstack.extentreports.ExtentTest.assignCategory(ExtentTest.java:1046)
	at com.qa.base.ProjectSpecificationMethods.testDetails(ProjectSpecificationMethods.java:35)
	at java.base/java.util.ArrayList.forEach(ArrayList.java:1596)
... Removed 23 stack frames</pre></div><a href='#' onClick='toggleBox("stack-trace1518529528", this, "Click to show all stack frames", "Click to hide stack frames")'>Click to show all stack frames</a>
<div class='stack-trace' id='stack-trace1518529528'><pre>java.lang.NullPointerException: Cannot invoke &quot;String.replaceAll(String, String)&quot; because &quot;x&quot; is null
	at com.aventstack.extentreports.ExtentTest.lambda$assignCategory$0(ExtentTest.java:1047)
	at java.base/java.util.Spliterators$ArraySpliterator.forEachRemaining(Spliterators.java:1024)
	at java.base/java.util.stream.ReferencePipeline$Head.forEach(ReferencePipeline.java:762)
	at com.aventstack.extentreports.ExtentTest.assignCategory(ExtentTest.java:1046)
	at com.qa.base.ProjectSpecificationMethods.testDetails(ProjectSpecificationMethods.java:35)
	at java.base/jdk.internal.reflect.DirectMethodHandleAccessor.invoke(DirectMethodHandleAccessor.java:103)
	at java.base/java.lang.reflect.Method.invoke(Method.java:580)
	at org.testng.internal.invokers.MethodInvocationHelper.invokeMethod(MethodInvocationHelper.java:141)
	at org.testng.internal.invokers.MethodInvocationHelper.invokeMethodConsideringTimeout(MethodInvocationHelper.java:71)
	at org.testng.internal.invokers.ConfigInvoker.invokeConfigurationMethod(ConfigInvoker.java:400)
	at org.testng.internal.invokers.ConfigInvoker.invokeConfigurations(ConfigInvoker.java:333)
	at org.testng.internal.invokers.TestMethodWorker.invokeBeforeClassMethods(TestMethodWorker.java:188)
	at org.testng.internal.invokers.TestMethodWorker.run(TestMethodWorker.java:128)
	at java.base/java.util.ArrayList.forEach(ArrayList.java:1596)
	at org.testng.TestRunner.privateRun(TestRunner.java:741)
	at org.testng.TestRunner.run(TestRunner.java:616)
	at org.testng.SuiteRunner.runTest(SuiteRunner.java:421)
	at org.testng.SuiteRunner.runSequentially(SuiteRunner.java:413)
	at org.testng.SuiteRunner.privateRun(SuiteRunner.java:373)
	at org.testng.SuiteRunner.run(SuiteRunner.java:312)
	at org.testng.SuiteRunnerWorker.runSuite(SuiteRunnerWorker.java:52)
	at org.testng.SuiteRunnerWorker.run(SuiteRunnerWorker.java:95)
	at org.testng.TestNG.runSuitesSequentially(TestNG.java:1274)
	at org.testng.TestNG.runSuitesLocally(TestNG.java:1208)
	at org.testng.TestNG.runSuites(TestNG.java:1112)
	at org.testng.TestNG.run(TestNG.java:1079)
	at org.testng.remote.AbstractRemoteTestNG.run(AbstractRemoteTestNG.java:115)
	at org.testng.remote.RemoteTestNG.initAndRun(RemoteTestNG.java:293)
	at org.testng.remote.RemoteTestNG.main(RemoteTestNG.java:91)
</pre></div></td>
<td>0</td>
<td>com.qa.tests.TC_001_SignUpTest@429bffaa</td></tr>
<tr>
<td title='com.qa.tests.TC_001_SignUpTest.signupTest()'><b>signupTest</b><br>Test class: com.qa.tests.TC_001_SignUpTest<br>Parameters: , , , , EmptyFieldsData, UservalidationfailedfirstNamePathfirstNameisrequiredlast</td>
<td><div><pre>java.lang.NullPointerException: Cannot invoke &quot;String.replaceAll(String, String)&quot; because &quot;x&quot; is null
	at com.aventstack.extentreports.ExtentTest.lambda$assignCategory$0(ExtentTest.java:1047)
	at java.base/java.util.Spliterators$ArraySpliterator.forEachRemaining(Spliterators.java:1024)
	at java.base/java.util.stream.ReferencePipeline$Head.forEach(ReferencePipeline.java:762)
	at com.aventstack.extentreports.ExtentTest.assignCategory(ExtentTest.java:1046)
	at com.qa.base.ProjectSpecificationMethods.testDetails(ProjectSpecificationMethods.java:35)
	at java.base/java.util.ArrayList.forEach(ArrayList.java:1596)
... Removed 23 stack frames</pre></div><a href='#' onClick='toggleBox("stack-trace2138765681", this, "Click to show all stack frames", "Click to hide stack frames")'>Click to show all stack frames</a>
<div class='stack-trace' id='stack-trace2138765681'><pre>java.lang.NullPointerException: Cannot invoke &quot;String.replaceAll(String, String)&quot; because &quot;x&quot; is null
	at com.aventstack.extentreports.ExtentTest.lambda$assignCategory$0(ExtentTest.java:1047)
	at java.base/java.util.Spliterators$ArraySpliterator.forEachRemaining(Spliterators.java:1024)
	at java.base/java.util.stream.ReferencePipeline$Head.forEach(ReferencePipeline.java:762)
	at com.aventstack.extentreports.ExtentTest.assignCategory(ExtentTest.java:1046)
	at com.qa.base.ProjectSpecificationMethods.testDetails(ProjectSpecificationMethods.java:35)
	at java.base/jdk.internal.reflect.DirectMethodHandleAccessor.invoke(DirectMethodHandleAccessor.java:103)
	at java.base/java.lang.reflect.Method.invoke(Method.java:580)
	at org.testng.internal.invokers.MethodInvocationHelper.invokeMethod(MethodInvocationHelper.java:141)
	at org.testng.internal.invokers.MethodInvocationHelper.invokeMethodConsideringTimeout(MethodInvocationHelper.java:71)
	at org.testng.internal.invokers.ConfigInvoker.invokeConfigurationMethod(ConfigInvoker.java:400)
	at org.testng.internal.invokers.ConfigInvoker.invokeConfigurations(ConfigInvoker.java:333)
	at org.testng.internal.invokers.TestMethodWorker.invokeBeforeClassMethods(TestMethodWorker.java:188)
	at org.testng.internal.invokers.TestMethodWorker.run(TestMethodWorker.java:128)
	at java.base/java.util.ArrayList.forEach(ArrayList.java:1596)
	at org.testng.TestRunner.privateRun(TestRunner.java:741)
	at org.testng.TestRunner.run(TestRunner.java:616)
	at org.testng.SuiteRunner.runTest(SuiteRunner.java:421)
	at org.testng.SuiteRunner.runSequentially(SuiteRunner.java:413)
	at org.testng.SuiteRunner.privateRun(SuiteRunner.java:373)
	at org.testng.SuiteRunner.run(SuiteRunner.java:312)
	at org.testng.SuiteRunnerWorker.runSuite(SuiteRunnerWorker.java:52)
	at org.testng.SuiteRunnerWorker.run(SuiteRunnerWorker.java:95)
	at org.testng.TestNG.runSuitesSequentially(TestNG.java:1274)
	at org.testng.TestNG.runSuitesLocally(TestNG.java:1208)
	at org.testng.TestNG.runSuites(TestNG.java:1112)
	at org.testng.TestNG.run(TestNG.java:1079)
	at org.testng.remote.AbstractRemoteTestNG.run(AbstractRemoteTestNG.java:115)
	at org.testng.remote.RemoteTestNG.initAndRun(RemoteTestNG.java:293)
	at org.testng.remote.RemoteTestNG.main(RemoteTestNG.java:91)
</pre></div></td>
<td>0</td>
<td>com.qa.tests.TC_001_SignUpTest@429bffaa</td></tr>
</table><p>
</body>
</html>